Î“Ă»â–“ Next.js 16.2.2 (Turbopack)
- Environments: .env.local

  Creating an optimized production build ...
Î“ÂŁĂ´ Compiled successfully in 16.9s
  Running TypeScript ...
  Finished TypeScript in 17.2s ...
  Collecting page data using 7 workers ...
  Generating static pages using 7 workers (0/11) ...
  Generating static pages using 7 workers (2/11) 
  Generating static pages using 7 workers (5/11) 
  Generating static pages using 7 workers (8/11) 
Î“ÂŁĂ´ Generating static pages using 7 workers (11/11) in 403ms
  Finalizing page optimization ...

Route (app)
Î“Ă¶Ă® Î“ĂąĂŻ /
Î“Ă¶ÂŁ Î“ĂąĂŻ /_not-found
Î“Ă¶ÂŁ Î“ĂąĂŻ /admin/horarios
Î“Ă¶ÂŁ â•žĂ† /api/admin/config
Î“Ă¶ÂŁ â•žĂ† /api/availability
Î“Ă¶ÂŁ â•žĂ† /api/bcv
Î“Ă¶ÂŁ â•žĂ† /api/bookings
Î“Ă¶ÂŁ â•žĂ† /api/pagos
Î“Ă¶Ă¶ Î“ĂąĂŻ /servicios


Î“ĂąĂŻ  (Static)   prerendered as static content
â•žĂ†  (Dynamic)  server-rendered on demand

