Î“Ă»â–“ Next.js 16.2.2 (Turbopack)
- Environments: .env.local

  Creating an optimized production build ...
Î“ÂŁĂ´ Compiled successfully in 14.9s
  Running TypeScript ...
  Finished TypeScript in 15.0s ...
  Collecting page data using 7 workers ...
  Generating static pages using 7 workers (0/9) ...
  Generating static pages using 7 workers (2/9) 
  Generating static pages using 7 workers (4/9) 
  Generating static pages using 7 workers (6/9) 
Î“ÂŁĂ´ Generating static pages using 7 workers (9/9) in 1033ms
  Finalizing page optimization ...

Route (app)
Î“Ă¶Ă® Î“ĂąĂŻ /
Î“Ă¶ÂŁ Î“ĂąĂŻ /_not-found
Î“Ă¶ÂŁ Î“ĂąĂŻ /admin/horarios
Î“Ă¶ÂŁ â•žĂ† /api/admin/config
Î“Ă¶ÂŁ â•žĂ† /api/availability
Î“Ă¶ÂŁ â•žĂ† /api/bookings
Î“Ă¶Ă¶ Î“ĂąĂŻ /servicios


Î“ĂąĂŻ  (Static)   prerendered as static content
â•žĂ†  (Dynamic)  server-rendered on demand

